# JRE version: Java(TM) SE Runtime Environment (15.0.1+9) (build 15.0.1+9-18)
# Java VM: Java HotSpot(TM) 64-Bit Server VM (15.0.1+9-18, mixed mode, sharing, tiered, compressed oops, g1 gc, windows-amd64)
GC Precious Log:
 CPUs: 8 total, 8 available
 Memory: 7959M
 Large Page Support: Disabled
 NUMA Support: Disabled
 Compressed Oops: Enabled (32-bit)
 Heap Region Size: 1M
 Heap Min Capacity: 8M
 Heap Initial Capacity: 126M
 Heap Max Capacity: 2G
 Pre-touch: Disabled
 Parallel Workers: 8
 Concurrent Workers: 2
 Concurrent Refinement Workers: 8
 Periodic GC: Disabled
Heap:
 garbage-first heap   total 538624K, used 128157K [0x0000000080000000, 0x0000000100000000)
  region size 1024K, 4 young (4096K), 4 survivors (4096K)
 Metaspace       used 81859K, capacity 83110K, committed 83320K, reserved 1122304K
  class space    used 10994K, capacity 11334K, committed 11392K, reserved 1048576K
GC Heap History (20 events):
Event: 11.933 GC heap after
{Heap after GC invocations=39 (full 0):
 garbage-first heap   total 152576K, used 76543K [0x0000000080000000, 0x0000000100000000)
  region size 1024K, 4 young (4096K), 4 survivors (4096K)
 Metaspace       used 71280K, capacity 72451K, committed 72696K, reserved 1112064K
  class space    used 9340K, capacity 9661K, committed 9728K, reserved 1048576K
}
Event: 12.270 GC heap before
{Heap before GC invocations=40 (full 0):
 garbage-first heap   total 152576K, used 115455K [0x0000000080000000, 0x0000000100000000)
  region size 1024K, 44 young (45056K), 4 survivors (4096K)
 Metaspace       used 71527K, capacity 72683K, committed 72952K, reserved 1112064K
  class space    used 9369K, capacity 9695K, committed 9728K, reserved 1048576K
}
Event: 12.275 GC heap after
{Heap after GC invocations=41 (full 0):
 garbage-first heap   total 152576K, used 77775K [0x0000000080000000, 0x0000000100000000)
  region size 1024K, 5 young (5120K), 5 survivors (5120K)
 Metaspace       used 71527K, capacity 72683K, committed 72952K, reserved 1112064K
  class space    used 9369K, capacity 9695K, committed 9728K, reserved 1048576K
}
Event: 12.285 GC heap before
{Heap before GC invocations=41 (full 0):
 garbage-first heap   total 152576K, used 79823K [0x0000000080000000, 0x0000000100000000)
  region size 1024K, 7 young (7168K), 5 survivors (5120K)
 Metaspace       used 71527K, capacity 72683K, committed 72952K, reserved 1112064K
  class space    used 9369K, capacity 9695K, committed 9728K, reserved 1048576K
}
Event: 12.293 GC heap after
{Heap after GC invocations=42 (full 0):
 garbage-first heap   total 183296K, used 71302K [0x0000000080000000, 0x0000000100000000)
  region size 1024K, 1 young (1024K), 1 survivors (1024K)
 Metaspace       used 71527K, capacity 72683K, committed 72952K, reserved 1112064K
  class space    used 9369K, capacity 9695K, committed 9728K, reserved 1048576K
}
Event: 12.492 GC heap before
{Heap before GC invocations=42 (full 0):
 garbage-first heap   total 183296K, used 137862K [0x0000000080000000, 0x0000000100000000)
  region size 1024K, 67 young (68608K), 1 survivors (1024K)
 Metaspace       used 72512K, capacity 73745K, committed 73848K, reserved 1114112K
  class space    used 9527K, capacity 9856K, committed 9856K, reserved 1048576K
}
Event: 12.497 GC heap after
{Heap after GC invocations=43 (full 0):
 garbage-first heap   total 183296K, used 84177K [0x0000000080000000, 0x0000000100000000)
  region size 1024K, 9 young (9216K), 9 survivors (9216K)
 Metaspace       used 72512K, capacity 73745K, committed 73848K, reserved 1114112K
  class space    used 9527K, capacity 9856K, committed 9856K, reserved 1048576K
}
Event: 12.674 GC heap before
{Heap before GC invocations=43 (full 0):
 garbage-first heap   total 183296K, used 138449K [0x0000000080000000, 0x0000000100000000)
  region size 1024K, 63 young (64512K), 9 survivors (9216K)
 Metaspace       used 74696K, capacity 75891K, committed 76024K, reserved 1116160K
  class space    used 9878K, capacity 10187K, committed 10240K, reserved 1048576K
}
Event: 12.681 GC heap after
{Heap after GC invocations=44 (full 0):
 garbage-first heap   total 183296K, used 91725K [0x0000000080000000, 0x0000000100000000)
  region size 1024K, 8 young (8192K), 8 survivors (8192K)
 Metaspace       used 74696K, capacity 75891K, committed 76024K, reserved 1116160K
  class space    used 9878K, capacity 10187K, committed 10240K, reserved 1048576K
}
Event: 12.813 GC heap before
{Heap before GC invocations=44 (full 0):
 garbage-first heap   total 183296K, used 140877K [0x0000000080000000, 0x0000000100000000)
  region size 1024K, 56 young (57344K), 8 survivors (8192K)
 Metaspace       used 75430K, capacity 76634K, committed 76920K, reserved 1116160K
  class space    used 9967K, capacity 10285K, committed 10368K, reserved 1048576K
}
Event: 12.828 GC heap after
{Heap after GC invocations=45 (full 0):
 garbage-first heap   total 183296K, used 101878K [0x0000000080000000, 0x0000000100000000)
  region size 1024K, 7 young (7168K), 7 survivors (7168K)
 Metaspace       used 75430K, capacity 76634K, committed 76920K, reserved 1116160K
  class space    used 9967K, capacity 10285K, committed 10368K, reserved 1048576K
}
Event: 12.980 GC heap before
{Heap before GC invocations=45 (full 0):
 garbage-first heap   total 224256K, used 141814K [0x0000000080000000, 0x0000000100000000)
  region size 1024K, 47 young (48128K), 7 survivors (7168K)
 Metaspace       used 75859K, capacity 77082K, committed 77176K, reserved 1116160K
  class space    used 10022K, capacity 10349K, committed 10368K, reserved 1048576K
}
Event: 12.997 GC heap after
{Heap after GC invocations=46 (full 0):
 garbage-first heap   total 269312K, used 109568K [0x0000000080000000, 0x0000000100000000)
  region size 1024K, 6 young (6144K), 6 survivors (6144K)
 Metaspace       used 75859K, capacity 77082K, committed 77176K, reserved 1116160K
  class space    used 10022K, capacity 10349K, committed 10368K, reserved 1048576K
}
Event: 13.411 GC heap before
{Heap before GC invocations=47 (full 0):
 garbage-first heap   total 269312K, used 199680K [0x0000000080000000, 0x0000000100000000)
  region size 1024K, 94 young (96256K), 6 survivors (6144K)
 Metaspace       used 77533K, capacity 78774K, committed 78840K, reserved 1118208K
  class space    used 10369K, capacity 10721K, committed 10752K, reserved 1048576K
}
Event: 13.514 GC heap after
{Heap after GC invocations=48 (full 0):
 garbage-first heap   total 269312K, used 124127K [0x0000000080000000, 0x0000000100000000)
  region size 1024K, 12 young (12288K), 12 survivors (12288K)
 Metaspace       used 77533K, capacity 78774K, committed 78840K, reserved 1118208K
  class space    used 10369K, capacity 10721K, committed 10752K, reserved 1048576K
}
Event: 13.968 GC heap before
{Heap before GC invocations=48 (full 0):
 garbage-first heap   total 269312K, used 200927K [0x0000000080000000, 0x0000000100000000)
  region size 1024K, 88 young (90112K), 12 survivors (12288K)
 Metaspace       used 81250K, capacity 82533K, committed 82808K, reserved 1120256K
  class space    used 10983K, capacity 11355K, committed 11392K, reserved 1048576K
}
Event: 13.987 GC heap after
{Heap after GC invocations=49 (full 0):
 garbage-first heap   total 269312K, used 127345K [0x0000000080000000, 0x0000000100000000)
  region size 1024K, 3 young (3072K), 3 survivors (3072K)
 Metaspace       used 81250K, capacity 82533K, committed 82808K, reserved 1120256K
  class space    used 10983K, capacity 11355K, committed 11392K, reserved 1048576K
}
Event: 14.229 GC heap before
{Heap before GC invocations=49 (full 0):
 garbage-first heap   total 269312K, used 208241K [0x0000000080000000, 0x0000000100000000)
  region size 1024K, 82 young (83968K), 3 survivors (3072K)
 Metaspace       used 81589K, capacity 82856K, committed 83064K, reserved 1120256K
  class space    used 10998K, capacity 11356K, committed 11392K, reserved 1048576K
}
Event: 14.236 GC heap after
{Heap after GC invocations=50 (full 0):
 garbage-first heap   total 269312K, used 128212K [0x0000000080000000, 0x0000000100000000)
  region size 1024K, 4 young (4096K), 4 survivors (4096K)
 Metaspace       used 81589K, capacity 82856K, committed 83064K, reserved 1120256K
  class space    used 10998K, capacity 11356K, committed 11392K, reserved 1048576K
}
Event: 14.878 GC heap before
{Heap before GC invocations=51 (full 0):
 garbage-first heap   total 269312K, used 214228K [0x0000000080000000, 0x0000000100000000)
  region size 1024K, 88 young (90112K), 4 survivors (4096K)
 Metaspace       used 81859K, capacity 83110K, committed 83320K, reserved 1122304K
  class space    used 10994K, capacity 11334K, committed 11392K, reserved 1048576K
}

